28/03/24 17:45:50 - DEBUG - urllib3.connectionpool - [_new_conn]: Starting new HTTPS connection (1): raw.githubusercontent.com:443
28/03/24 17:45:51 - DEBUG - urllib3.connectionpool - [_make_request]: https://raw.githubusercontent.com:443 "GET /rdavydov/Twitch-Channel-Points-Miner-v2/master/TwitchChannelPointsMiner/__init__.py HTTP/1.1" 200 125
28/03/24 17:45:51 - INFO - TwitchChannelPointsMiner.TwitchChannelPointsMiner - [__init__]: Twitch Channel Points Miner v2-1.9.1 (fork by rdavydov)
28/03/24 17:45:51 - INFO - TwitchChannelPointsMiner.TwitchChannelPointsMiner - [__init__]: https://github.com/rdavydov/Twitch-Channel-Points-Miner-v2
28/03/24 17:45:51 - INFO - TwitchChannelPointsMiner.TwitchChannelPointsMiner - [__init__]: You are running version 1.9.1 of this script
28/03/24 17:45:51 - INFO - TwitchChannelPointsMiner.TwitchChannelPointsMiner - [__init__]: The latest version on GitHub is 1.9.4
28/03/24 17:45:51 - INFO - TwitchChannelPointsMiner.TwitchChannelPointsMiner - [run]: Start session: '44b0f70b-58fa-4eb7-8b0c-61d0eb7a7ca6'
28/03/24 17:45:51 - INFO - TwitchChannelPointsMiner.classes.TwitchLogin - [login_flow]: You'll have to login to Twitch!
28/03/24 17:45:51 - INFO - TwitchChannelPointsMiner.classes.TwitchLogin - [login_flow]: Trying the TV login method..
28/03/24 17:45:51 - DEBUG - urllib3.connectionpool - [_new_conn]: Starting new HTTPS connection (1): id.twitch.tv:443
28/03/24 17:45:52 - DEBUG - urllib3.connectionpool - [_make_request]: https://id.twitch.tv:443 "POST /oauth2/device HTTP/1.1" 200 164
28/03/24 17:45:52 - INFO - TwitchChannelPointsMiner.classes.TwitchLogin - [login_flow]: Open https://www.twitch.tv/activate
28/03/24 17:45:52 - INFO - TwitchChannelPointsMiner.classes.TwitchLogin - [login_flow]: and enter this code: DYHJNFBR
28/03/24 17:45:52 - INFO - TwitchChannelPointsMiner.classes.TwitchLogin - [login_flow]: Hurry up! It will expire in 30 minutes!
28/03/24 17:45:58 - DEBUG - urllib3.connectionpool - [_make_request]: https://id.twitch.tv:443 "POST /oauth2/token HTTP/1.1" 400 49
28/03/24 17:46:03 - DEBUG - urllib3.connectionpool - [_make_request]: https://id.twitch.tv:443 "POST /oauth2/token HTTP/1.1" 400 49
28/03/24 17:46:08 - DEBUG - urllib3.connectionpool - [_make_request]: https://id.twitch.tv:443 "POST /oauth2/token HTTP/1.1" 400 49
28/03/24 17:46:14 - DEBUG - urllib3.connectionpool - [_make_request]: https://id.twitch.tv:443 "POST /oauth2/token HTTP/1.1" 400 49
28/03/24 17:46:19 - DEBUG - urllib3.connectionpool - [_make_request]: https://id.twitch.tv:443 "POST /oauth2/token HTTP/1.1" 400 49
28/03/24 17:46:24 - DEBUG - urllib3.connectionpool - [_make_request]: https://id.twitch.tv:443 "POST /oauth2/token HTTP/1.1" 400 49
28/03/24 17:46:30 - DEBUG - urllib3.connectionpool - [_make_request]: https://id.twitch.tv:443 "POST /oauth2/token HTTP/1.1" 400 49
28/03/24 17:46:35 - DEBUG - urllib3.connectionpool - [_make_request]: https://id.twitch.tv:443 "POST /oauth2/token HTTP/1.1" 400 49
28/03/24 17:46:40 - DEBUG - urllib3.connectionpool - [_make_request]: https://id.twitch.tv:443 "POST /oauth2/token HTTP/1.1" 400 49
28/03/24 17:46:46 - DEBUG - urllib3.connectionpool - [_make_request]: https://id.twitch.tv:443 "POST /oauth2/token HTTP/1.1" 400 49
28/03/24 17:46:51 - DEBUG - urllib3.connectionpool - [_make_request]: https://id.twitch.tv:443 "POST /oauth2/token HTTP/1.1" 400 49
28/03/24 17:46:56 - DEBUG - urllib3.connectionpool - [_make_request]: https://id.twitch.tv:443 "POST /oauth2/token HTTP/1.1" 400 49
28/03/24 17:47:02 - DEBUG - urllib3.connectionpool - [_make_request]: https://id.twitch.tv:443 "POST /oauth2/token HTTP/1.1" 400 49
28/03/24 17:47:07 - DEBUG - urllib3.connectionpool - [_make_request]: https://id.twitch.tv:443 "POST /oauth2/token HTTP/1.1" 400 49
28/03/24 17:47:12 - DEBUG - urllib3.connectionpool - [_make_request]: https://id.twitch.tv:443 "POST /oauth2/token HTTP/1.1" 400 49
28/03/24 17:47:18 - DEBUG - urllib3.connectionpool - [_make_request]: https://id.twitch.tv:443 "POST /oauth2/token HTTP/1.1" 400 49
28/03/24 17:47:23 - DEBUG - urllib3.connectionpool - [_make_request]: https://id.twitch.tv:443 "POST /oauth2/token HTTP/1.1" 400 49
28/03/24 17:47:28 - DEBUG - urllib3.connectionpool - [_make_request]: https://id.twitch.tv:443 "POST /oauth2/token HTTP/1.1" 400 49
28/03/24 17:47:34 - DEBUG - urllib3.connectionpool - [_make_request]: https://id.twitch.tv:443 "POST /oauth2/token HTTP/1.1" 400 49
28/03/24 17:47:39 - DEBUG - urllib3.connectionpool - [_make_request]: https://id.twitch.tv:443 "POST /oauth2/token HTTP/1.1" 400 49
28/03/24 17:47:44 - DEBUG - urllib3.connectionpool - [_make_request]: https://id.twitch.tv:443 "POST /oauth2/token HTTP/1.1" 400 49
28/03/24 17:47:50 - DEBUG - urllib3.connectionpool - [_make_request]: https://id.twitch.tv:443 "POST /oauth2/token HTTP/1.1" 400 49
28/03/24 17:47:55 - DEBUG - urllib3.connectionpool - [_make_request]: https://id.twitch.tv:443 "POST /oauth2/token HTTP/1.1" 400 49
28/03/24 17:48:00 - DEBUG - urllib3.connectionpool - [_make_request]: https://id.twitch.tv:443 "POST /oauth2/token HTTP/1.1" 400 49
28/03/24 17:48:06 - DEBUG - urllib3.connectionpool - [_make_request]: https://id.twitch.tv:443 "POST /oauth2/token HTTP/1.1" 400 49
28/03/24 17:48:11 - DEBUG - urllib3.connectionpool - [_make_request]: https://id.twitch.tv:443 "POST /oauth2/token HTTP/1.1" 400 49
28/03/24 17:48:16 - DEBUG - urllib3.connectionpool - [_make_request]: https://id.twitch.tv:443 "POST /oauth2/token HTTP/1.1" 400 49
28/03/24 17:48:22 - DEBUG - urllib3.connectionpool - [_make_request]: https://id.twitch.tv:443 "POST /oauth2/token HTTP/1.1" 400 49
28/03/24 17:48:27 - DEBUG - urllib3.connectionpool - [_make_request]: https://id.twitch.tv:443 "POST /oauth2/token HTTP/1.1" 400 49
28/03/24 17:48:33 - DEBUG - urllib3.connectionpool - [_make_request]: https://id.twitch.tv:443 "POST /oauth2/token HTTP/1.1" 400 49
28/03/24 17:48:38 - DEBUG - urllib3.connectionpool - [_make_request]: https://id.twitch.tv:443 "POST /oauth2/token HTTP/1.1" 400 49
28/03/24 17:48:43 - DEBUG - urllib3.connectionpool - [_make_request]: https://id.twitch.tv:443 "POST /oauth2/token HTTP/1.1" 400 49
28/03/24 17:48:49 - DEBUG - urllib3.connectionpool - [_make_request]: https://id.twitch.tv:443 "POST /oauth2/token HTTP/1.1" 400 49
28/03/24 17:48:54 - DEBUG - urllib3.connectionpool - [_make_request]: https://id.twitch.tv:443 "POST /oauth2/token HTTP/1.1" 400 49
28/03/24 17:48:59 - DEBUG - urllib3.connectionpool - [_make_request]: https://id.twitch.tv:443 "POST /oauth2/token HTTP/1.1" 400 49
28/03/24 17:49:05 - DEBUG - urllib3.connectionpool - [_make_request]: https://id.twitch.tv:443 "POST /oauth2/token HTTP/1.1" 400 49
28/03/24 17:49:10 - DEBUG - urllib3.connectionpool - [_make_request]: https://id.twitch.tv:443 "POST /oauth2/token HTTP/1.1" 400 49
28/03/24 17:49:15 - DEBUG - urllib3.connectionpool - [_make_request]: https://id.twitch.tv:443 "POST /oauth2/token HTTP/1.1" 400 49
28/03/24 17:49:21 - DEBUG - urllib3.connectionpool - [_make_request]: https://id.twitch.tv:443 "POST /oauth2/token HTTP/1.1" 400 49
28/03/24 17:49:26 - DEBUG - urllib3.connectionpool - [_make_request]: https://id.twitch.tv:443 "POST /oauth2/token HTTP/1.1" 400 49
28/03/24 17:49:32 - DEBUG - urllib3.connectionpool - [_make_request]: https://id.twitch.tv:443 "POST /oauth2/token HTTP/1.1" 400 49
28/03/24 17:49:37 - DEBUG - urllib3.connectionpool - [_make_request]: https://id.twitch.tv:443 "POST /oauth2/token HTTP/1.1" 400 49
28/03/24 17:49:42 - DEBUG - urllib3.connectionpool - [_make_request]: https://id.twitch.tv:443 "POST /oauth2/token HTTP/1.1" 400 49
28/03/24 17:49:48 - DEBUG - urllib3.connectionpool - [_make_request]: https://id.twitch.tv:443 "POST /oauth2/token HTTP/1.1" 400 49
28/03/24 17:49:53 - DEBUG - urllib3.connectionpool - [_make_request]: https://id.twitch.tv:443 "POST /oauth2/token HTTP/1.1" 400 49
28/03/24 17:49:58 - DEBUG - urllib3.connectionpool - [_make_request]: https://id.twitch.tv:443 "POST /oauth2/token HTTP/1.1" 400 49
28/03/24 17:50:04 - DEBUG - urllib3.connectionpool - [_make_request]: https://id.twitch.tv:443 "POST /oauth2/token HTTP/1.1" 400 49
28/03/24 17:50:09 - DEBUG - urllib3.connectionpool - [_make_request]: https://id.twitch.tv:443 "POST /oauth2/token HTTP/1.1" 400 49
28/03/24 17:50:15 - DEBUG - urllib3.connectionpool - [_make_request]: https://id.twitch.tv:443 "POST /oauth2/token HTTP/1.1" 400 49
28/03/24 17:50:20 - DEBUG - urllib3.connectionpool - [_make_request]: https://id.twitch.tv:443 "POST /oauth2/token HTTP/1.1" 400 49
28/03/24 17:50:25 - DEBUG - urllib3.connectionpool - [_make_request]: https://id.twitch.tv:443 "POST /oauth2/token HTTP/1.1" 400 49
28/03/24 17:50:31 - DEBUG - urllib3.connectionpool - [_make_request]: https://id.twitch.tv:443 "POST /oauth2/token HTTP/1.1" 400 49
28/03/24 17:50:36 - DEBUG - urllib3.connectionpool - [_make_request]: https://id.twitch.tv:443 "POST /oauth2/token HTTP/1.1" 400 49
28/03/24 17:50:41 - DEBUG - urllib3.connectionpool - [_make_request]: https://id.twitch.tv:443 "POST /oauth2/token HTTP/1.1" 200 248
28/03/24 17:50:41 - DEBUG - urllib3.connectionpool - [_new_conn]: Starting new HTTPS connection (1): gql.twitch.tv:443
28/03/24 17:50:42 - DEBUG - urllib3.connectionpool - [_make_request]: https://gql.twitch.tv:443 "POST /gql HTTP/1.1" 200 203
28/03/24 17:50:42 - INFO - TwitchChannelPointsMiner.classes.TwitchLogin - [save_cookies]: Saving cookies to your computer..
28/03/24 17:50:42 - INFO - TwitchChannelPointsMiner.TwitchChannelPointsMiner - [run]: Loading data for 7 streamers. Please wait...
28/03/24 17:50:43 - DEBUG - urllib3.connectionpool - [_new_conn]: Starting new HTTPS connection (1): www.twitch.tv:443
28/03/24 17:50:43 - DEBUG - urllib3.connectionpool - [_make_request]: https://www.twitch.tv:443 "GET / HTTP/1.1" 200 None
28/03/24 17:50:44 - DEBUG - TwitchChannelPointsMiner.classes.Twitch - [update_client_version]: Client version: 99682f5c-53c2-4182-a649-6b56011c316e
28/03/24 17:50:44 - DEBUG - urllib3.connectionpool - [_new_conn]: Starting new HTTPS connection (1): gql.twitch.tv:443
28/03/24 17:50:45 - DEBUG - urllib3.connectionpool - [_make_request]: https://gql.twitch.tv:443 "POST /gql HTTP/1.1" 200 242
28/03/24 17:50:45 - DEBUG - TwitchChannelPointsMiner.classes.Twitch - [post_gql_request]: Data: {'operationName': 'ReportMenuItem', 'extensions': {'persistedQuery': {'version': 1, 'sha256Hash': '8f3628981255345ca5e5453dfd844efffb01d6413a9931498836e6268692a30c'}}, 'variables': {'channelLogin': 'moocallstwitch'}}, Status code: 200, Content: {"data":{"requestInfo":{"countryCode":"IN","__typename":"RequestInfo"},"user":{"id":"534150408","stream":{"id":"43903142779","createdAt":"2024-03-26T20:47:26Z","__typename":"Stream"},"__typename":"User"}},"extensions":{"durationMilliseconds":45,"operationName":"ReportMenuItem","requestID":"01HT2G3R1BJ6ZHZACHBM87C24Q"}}
28/03/24 17:50:45 - DEBUG - urllib3.connectionpool - [_new_conn]: Starting new HTTPS connection (1): www.twitch.tv:443
28/03/24 17:50:46 - DEBUG - urllib3.connectionpool - [_make_request]: https://www.twitch.tv:443 "GET / HTTP/1.1" 200 None
28/03/24 17:50:46 - DEBUG - TwitchChannelPointsMiner.classes.Twitch - [update_client_version]: Client version: 99682f5c-53c2-4182-a649-6b56011c316e
28/03/24 17:50:46 - DEBUG - urllib3.connectionpool - [_new_conn]: Starting new HTTPS connection (1): gql.twitch.tv:443
28/03/24 17:50:47 - DEBUG - urllib3.connectionpool - [_make_request]: https://gql.twitch.tv:443 "POST /gql HTTP/1.1" 200 242
28/03/24 17:50:47 - DEBUG - TwitchChannelPointsMiner.classes.Twitch - [post_gql_request]: Data: {'operationName': 'ReportMenuItem', 'extensions': {'persistedQuery': {'version': 1, 'sha256Hash': '8f3628981255345ca5e5453dfd844efffb01d6413a9931498836e6268692a30c'}}, 'variables': {'channelLogin': 'zintid'}}, Status code: 200, Content: {"data":{"requestInfo":{"countryCode":"IN","__typename":"RequestInfo"},"user":{"id":"158988474","stream":{"id":"41173153303","createdAt":"2024-03-26T15:23:05Z","__typename":"Stream"},"__typename":"User"}},"extensions":{"durationMilliseconds":39,"operationName":"ReportMenuItem","requestID":"01HT2G3TB2C7AG6GQV12P6TXV7"}}
28/03/24 17:50:48 - DEBUG - urllib3.connectionpool - [_new_conn]: Starting new HTTPS connection (1): www.twitch.tv:443
28/03/24 17:50:48 - DEBUG - urllib3.connectionpool - [_make_request]: https://www.twitch.tv:443 "GET / HTTP/1.1" 200 None
28/03/24 17:50:48 - DEBUG - TwitchChannelPointsMiner.classes.Twitch - [update_client_version]: Client version: 99682f5c-53c2-4182-a649-6b56011c316e
28/03/24 17:50:48 - DEBUG - urllib3.connectionpool - [_new_conn]: Starting new HTTPS connection (1): gql.twitch.tv:443
28/03/24 17:50:49 - DEBUG - urllib3.connectionpool - [_make_request]: https://gql.twitch.tv:443 "POST /gql HTTP/1.1" 200 198
28/03/24 17:50:49 - DEBUG - TwitchChannelPointsMiner.classes.Twitch - [post_gql_request]: Data: {'operationName': 'ReportMenuItem', 'extensions': {'persistedQuery': {'version': 1, 'sha256Hash': '8f3628981255345ca5e5453dfd844efffb01d6413a9931498836e6268692a30c'}}, 'variables': {'channelLogin': ''}}, Status code: 200, Content: {"data":{"requestInfo":{"countryCode":"IN","__typename":"RequestInfo"},"user":null},"extensions":{"durationMilliseconds":1,"operationName":"ReportMenuItem","requestID":"01HT2G3WMNZPN7088700FERFG8"}}
28/03/24 17:50:49 - INFO - TwitchChannelPointsMiner.TwitchChannelPointsMiner - [run]: Streamer  does not exist
28/03/24 17:50:50 - DEBUG - urllib3.connectionpool - [_new_conn]: Starting new HTTPS connection (1): www.twitch.tv:443
28/03/24 17:50:51 - DEBUG - urllib3.connectionpool - [_make_request]: https://www.twitch.tv:443 "GET / HTTP/1.1" 200 None
28/03/24 17:50:51 - DEBUG - TwitchChannelPointsMiner.classes.Twitch - [update_client_version]: Client version: 99682f5c-53c2-4182-a649-6b56011c316e
28/03/24 17:50:51 - DEBUG - urllib3.connectionpool - [_new_conn]: Starting new HTTPS connection (1): gql.twitch.tv:443
28/03/24 17:50:52 - DEBUG - urllib3.connectionpool - [_make_request]: https://gql.twitch.tv:443 "POST /gql HTTP/1.1" 200 198
28/03/24 17:50:52 - DEBUG - TwitchChannelPointsMiner.classes.Twitch - [post_gql_request]: Data: {'operationName': 'ReportMenuItem', 'extensions': {'persistedQuery': {'version': 1, 'sha256Hash': '8f3628981255345ca5e5453dfd844efffb01d6413a9931498836e6268692a30c'}}, 'variables': {'channelLogin': ''}}, Status code: 200, Content: {"data":{"requestInfo":{"countryCode":"IN","__typename":"RequestInfo"},"user":null},"extensions":{"durationMilliseconds":2,"operationName":"ReportMenuItem","requestID":"01HT2G3Z086P3XQER269XZV0G8"}}
28/03/24 17:50:52 - INFO - TwitchChannelPointsMiner.TwitchChannelPointsMiner - [run]: Streamer  does not exist
28/03/24 17:50:52 - DEBUG - urllib3.connectionpool - [_new_conn]: Starting new HTTPS connection (1): www.twitch.tv:443
28/03/24 17:50:53 - DEBUG - urllib3.connectionpool - [_make_request]: https://www.twitch.tv:443 "GET / HTTP/1.1" 200 None
28/03/24 17:50:53 - DEBUG - TwitchChannelPointsMiner.classes.Twitch - [update_client_version]: Client version: 99682f5c-53c2-4182-a649-6b56011c316e
28/03/24 17:50:53 - DEBUG - urllib3.connectionpool - [_new_conn]: Starting new HTTPS connection (1): gql.twitch.tv:443
28/03/24 17:50:54 - DEBUG - urllib3.connectionpool - [_make_request]: https://gql.twitch.tv:443 "POST /gql HTTP/1.1" 200 198
28/03/24 17:50:54 - DEBUG - TwitchChannelPointsMiner.classes.Twitch - [post_gql_request]: Data: {'operationName': 'ReportMenuItem', 'extensions': {'persistedQuery': {'version': 1, 'sha256Hash': '8f3628981255345ca5e5453dfd844efffb01d6413a9931498836e6268692a30c'}}, 'variables': {'channelLogin': ''}}, Status code: 200, Content: {"data":{"requestInfo":{"countryCode":"IN","__typename":"RequestInfo"},"user":null},"extensions":{"durationMilliseconds":2,"operationName":"ReportMenuItem","requestID":"01HT2G40ZZB98CENM3EBANWTG8"}}
28/03/24 17:50:54 - INFO - TwitchChannelPointsMiner.TwitchChannelPointsMiner - [run]: Streamer  does not exist
28/03/24 17:50:54 - DEBUG - urllib3.connectionpool - [_new_conn]: Starting new HTTPS connection (1): www.twitch.tv:443
28/03/24 17:50:55 - DEBUG - urllib3.connectionpool - [_make_request]: https://www.twitch.tv:443 "GET / HTTP/1.1" 200 None
28/03/24 17:50:55 - DEBUG - TwitchChannelPointsMiner.classes.Twitch - [update_client_version]: Client version: 99682f5c-53c2-4182-a649-6b56011c316e
28/03/24 17:50:55 - DEBUG - urllib3.connectionpool - [_new_conn]: Starting new HTTPS connection (1): gql.twitch.tv:443
28/03/24 17:50:56 - DEBUG - urllib3.connectionpool - [_make_request]: https://gql.twitch.tv:443 "POST /gql HTTP/1.1" 200 198
28/03/24 17:50:56 - DEBUG - TwitchChannelPointsMiner.classes.Twitch - [post_gql_request]: Data: {'operationName': 'ReportMenuItem', 'extensions': {'persistedQuery': {'version': 1, 'sha256Hash': '8f3628981255345ca5e5453dfd844efffb01d6413a9931498836e6268692a30c'}}, 'variables': {'channelLogin': ''}}, Status code: 200, Content: {"data":{"requestInfo":{"countryCode":"IN","__typename":"RequestInfo"},"user":null},"extensions":{"durationMilliseconds":2,"operationName":"ReportMenuItem","requestID":"01HT2G4375HW6YQN9FVZAD33PW"}}
28/03/24 17:50:56 - INFO - TwitchChannelPointsMiner.TwitchChannelPointsMiner - [run]: Streamer  does not exist
28/03/24 17:50:56 - DEBUG - urllib3.connectionpool - [_new_conn]: Starting new HTTPS connection (1): www.twitch.tv:443
28/03/24 17:50:57 - DEBUG - urllib3.connectionpool - [_make_request]: https://www.twitch.tv:443 "GET / HTTP/1.1" 200 None
28/03/24 17:50:57 - DEBUG - TwitchChannelPointsMiner.classes.Twitch - [update_client_version]: Client version: 99682f5c-53c2-4182-a649-6b56011c316e
28/03/24 17:50:57 - DEBUG - urllib3.connectionpool - [_new_conn]: Starting new HTTPS connection (1): gql.twitch.tv:443
28/03/24 17:50:59 - DEBUG - urllib3.connectionpool - [_make_request]: https://gql.twitch.tv:443 "POST /gql HTTP/1.1" 200 198
28/03/24 17:50:59 - DEBUG - TwitchChannelPointsMiner.classes.Twitch - [post_gql_request]: Data: {'operationName': 'ReportMenuItem', 'extensions': {'persistedQuery': {'version': 1, 'sha256Hash': '8f3628981255345ca5e5453dfd844efffb01d6413a9931498836e6268692a30c'}}, 'variables': {'channelLogin': ''}}, Status code: 200, Content: {"data":{"requestInfo":{"countryCode":"IN","__typename":"RequestInfo"},"user":null},"extensions":{"durationMilliseconds":3,"operationName":"ReportMenuItem","requestID":"01HT2G460JSAZCCMEM8S6DNQRE"}}
28/03/24 17:50:59 - INFO - TwitchChannelPointsMiner.TwitchChannelPointsMiner - [run]: Streamer  does not exist
28/03/24 17:50:59 - DEBUG - urllib3.connectionpool - [_new_conn]: Starting new HTTPS connection (1): www.twitch.tv:443
28/03/24 17:51:00 - DEBUG - urllib3.connectionpool - [_make_request]: https://www.twitch.tv:443 "GET / HTTP/1.1" 200 None
28/03/24 17:51:00 - DEBUG - TwitchChannelPointsMiner.classes.Twitch - [update_client_version]: Client version: 99682f5c-53c2-4182-a649-6b56011c316e
28/03/24 17:51:00 - DEBUG - urllib3.connectionpool - [_new_conn]: Starting new HTTPS connection (1): gql.twitch.tv:443
28/03/24 17:51:01 - DEBUG - urllib3.connectionpool - [_make_request]: https://gql.twitch.tv:443 "POST /gql HTTP/1.1" 200 1972
28/03/24 17:51:01 - DEBUG - TwitchChannelPointsMiner.classes.Twitch - [post_gql_request]: Data: {'operationName': 'ChannelPointsContext', 'extensions': {'persistedQuery': {'version': 1, 'sha256Hash': '1530a003a7d374b0380b79db0be0534f30ff46e61cffa2bc0e2468a909fbc024'}}, 'variables': {'channelLogin': 'moocallstwitch'}}, Status code: 200, Content: {"data":{"community":{"id":"534150408","displayName":"MooCallsTwitch","channel":{"id":"534150408","self":{"communityPoints":{"availableClaim":null,"__typename":"CommunityPointsProperties","balance":0,"activeMultipliers":[],"canRedeemRewardsForFree":false,"lastViewedContent":[{"contentType":"AUTOMATIC_REWARD","lastViewedAt":"2024-03-28T12:21:33.091197325Z","__typename":"CommunityPointsLastViewedContentByType"},{"contentType":"CUSTOM_REWARD","lastViewedAt":"2024-03-28T12:21:33.091197325Z","__typename":"CommunityPointsLastViewedContentByType"}],"userRedemptions":[]},"__typename":"ChannelSelfEdge"},"__typename":"Channel","communityPointsSettings":{"name":"PnL Coins","image":{"url":"https://static-cdn.jtvnw.net/channel-points-icons/534150408/d0c0f501-ad9c-4b10-b8ed-4290a2ef361b/icon-1.png","url2x":"https://static-cdn.jtvnw.net/channel-points-icons/534150408/d0c0f501-ad9c-4b10-b8ed-4290a2ef361b/icon-2.png","url4x":"https://static-cdn.jtvnw.net/channel-points-icons/534150408/d0c0f501-ad9c-4b10-b8ed-4290a2ef361b/icon-4.png","__typename":"CommunityPointsImage"},"__typename":"CommunityPointsChannelSettings","automaticRewards":[{"id":"534150408:SINGLE_MESSAGE_BYPASS_SUB_MODE","backgroundColor":null,"cost":200,"defaultBackgroundColor":"#9146FF","defaultCost":350,"defaultImage":{"url":"https://static-cdn.jtvnw.net/automatic-reward-images/subsonly-1.png","url2x":"https://static-cdn.jtvnw.net/automatic-reward-images/subsonly-2.png","url4x":"https://static-cdn.jtvnw.net/automatic-reward-images/subsonly-4.png","__typename":"CommunityPointsImage"},"image":null,"isEnabled":false,"isHiddenForSubs":true,"minimumCost":80,"type":"SINGLE_MESSAGE_BYPASS_SUB_MODE","updatedForIndicatorAt":"2021-06-18T19:01:55.74212789Z","globallyUpdatedForIndicatorAt":"2019-09-03T21:00:00Z","__typename":"CommunityPointsAutomaticReward"},{"id":"534150408:SEND_HIGHLIGHTED_MESSAGE","backgroundColor":null,"cost":null,"defaultBackgroundColor":"#FF6905","defaultCost":100,"defaultImage":{"url":"https://static-cdn.jtvnw.net/automatic-reward-images/highlight-1.png","url2x":"https://static-cdn.jtvnw.net/automatic-reward-images/highlight-2.png","url4x":"https://static-cdn.jtvnw.net/automatic-reward-images/highlight-4.png","__typename":"CommunityPointsImage"},"image":null,"isEnabled":false,"isHiddenForSubs":false,"minimumCost":10,"type":"SEND_HIGHLIGHTED_MESSAGE","updatedForIndicatorAt":"2021-06-18T19:01:54.435652505Z","globallyUpdatedForIndicatorAt":"2019-09-03T21:00:00Z","__typename":"CommunityPointsAutomaticReward"},{"id":"534150408:RANDOM_SUB_EMOTE_UNLOCK","backgroundColor":null,"cost":200,"defaultBackgroundColor":"#8205B4","defaultCost":320,"defaultImage":{"url":"https://static-cdn.jtvnw.net/automatic-reward-images/random-emote-1.png","url2x":"https://static-cdn.jtvnw.net/automatic-reward-images/random-emote-2.png","url4x":"https://static-cdn.jtvnw.net/automatic-reward-images/random-emote-4.png","__typename":"CommunityPointsImage"},"image":null,"isEnabled":false,"isHiddenForSubs":true,"minimumCost":80,"type":"RANDOM_SUB_EMOTE_UNLOCK","updatedForIndicatorAt":"2021-06-18T19:01:55.26897657Z","globallyUpdatedForIndicatorAt":"2019-09-03T21:00:00Z","__typename":"CommunityPointsAutomaticReward"},{"id":"534150408:CHOSEN_SUB_EMOTE_UNLOCK","backgroundColor":null,"cost":300,"defaultBackgroundColor":"#00C8AF","defaultCost":480,"defaultImage":{"url":"https://static-cdn.jtvnw.net/automatic-reward-images/choose-emote-1.png","url2x":"https://static-cdn.jtvnw.net/automatic-reward-images/choose-emote-2.png","url4x":"https://static-cdn.jtvnw.net/automatic-reward-images/choose-emote-4.png","__typename":"CommunityPointsImage"},"image":null,"isEnabled":false,"isHiddenForSubs":true,"minimumCost":80,"type":"CHOSEN_SUB_EMOTE_UNLOCK","updatedForIndicatorAt":"2021-06-18T19:01:56.412418177Z","globallyUpdatedForIndicatorAt":"2019-09-03T21:00:00Z","__typename":"CommunityPointsAutomaticReward"},{"id":"534150408:CHOSEN_MODIFIED_SUB_EMOTE_UNLOCK","backgroundColor":null,"cost":600,"defaultBackgroundColor":"#00FA05","defaultCost":900,"defaultImage":{"url":"https://static-cdn.jtvnw.net/automatic-reward-images/modify-emote-1.png","url2x":"https://static-cdn.jtvnw.net/automatic-reward-images/modify-emote-2.png","url4x":"https://static-cdn.jtvnw.net/automatic-reward-images/modify-emote-4.png","__typename":"CommunityPointsImage"},"image":null,"isEnabled":false,"isHiddenForSubs":false,"minimumCost":80,"type":"CHOSEN_MODIFIED_SUB_EMOTE_UNLOCK","updatedForIndicatorAt":"2021-06-18T19:01:56.858568386Z","globallyUpdatedForIndicatorAt":"2020-12-14T21:00:00Z","__typename":"CommunityPointsAutomaticReward"}],"customRewards":[{"id":"7081d5f7-8060-4f2a-b085-a82361e62a5e","backgroundColor":"#000000","cooldownExpiresAt":null,"cost":370000,"defaultImage":{"url":"https://static-cdn.jtvnw.net/custom-reward-images/default-1.png","url2x":"https://static-cdn.jtvnw.net/custom-reward-images/default-2.png","url4x":"https://static-cdn.jtvnw.net/custom-reward-images/default-4.png","__typename":"CommunityPointsImage"},"image":{"url":"https://static-cdn.jtvnw.net/custom-reward-images/534150408/7081d5f7-8060-4f2a-b085-a82361e62a5e/867236be-9c2a-4f5d-8394-ea4fedf43974/custom-1.png","url2x":"https://static-cdn.jtvnw.net/custom-reward-images/534150408/7081d5f7-8060-4f2a-b085-a82361e62a5e/867236be-9c2a-4f5d-8394-ea4fedf43974/custom-2.png","url4x":"https://static-cdn.jtvnw.net/custom-reward-images/534150408/7081d5f7-8060-4f2a-b085-a82361e62a5e/867236be-9c2a-4f5d-8394-ea4fedf43974/custom-4.png","__typename":"CommunityPointsImage"},"maxPerStreamSetting":{"isEnabled":false,"maxPerStream":0,"__typename":"CommunityPointsCustomRewardMaxPerStreamSetting"},"maxPerUserPerStreamSetting":{"isEnabled":false,"maxPerUserPerStream":2,"__typename":"CommunityPointsCustomRewardMaxPerUserPerStreamSetting"},"globalCooldownSetting":{"isEnabled":false,"globalCooldownSeconds":0,"__typename":"CommunityPointsCustomRewardGlobalCooldownSetting"},"isEnabled":true,"isInStock":true,"isPaused":false,"isSubOnly":false,"isUserInputRequired":true,"shouldRedemptionsSkipRequestQueue":false,"redemptionsRedeemedCurrentStream":null,"prompt":"Wallet Address:","title":"$10 SOL","updatedForIndicatorAt":"2023-12-11T15:21:16.373366326Z","__typename":"CommunityPointsCustomReward"},{"id":"8e65ff88-ad22-4979-a587-4fa21c151f2c","backgroundColor":"#000000","cooldownExpiresAt":null,"cost":50000,"defaultImage":{"url":"https://static-cdn.jtvnw.net/custom-reward-images/default-1.png","url2x":"https://static-cdn.jtvnw.net/custom-reward-images/default-2.png","url4x":"https://static-cdn.jtvnw.net/custom-reward-images/default-4.png","__typename":"CommunityPointsImage"},"image":{"url":"https://static-cdn.jtvnw.net/custom-reward-images/534150408/8e65ff88-ad22-4979-a587-4fa21c151f2c/bf999208-3de9-47b3-8f74-b4cc6891f520/custom-1.png","url2x":"https://static-cdn.jtvnw.net/custom-reward-images/534150408/8e65ff88-ad22-4979-a587-4fa21c151f2c/bf999208-3de9-47b3-8f74-b4cc6891f520/custom-2.png","url4x":"https://static-cdn.jtvnw.net/custom-reward-images/534150408/8e65ff88-ad22-4979-a587-4fa21c151f2c/bf999208-3de9-47b3-8f74-b4cc6891f520/custom-4.png","__typename":"CommunityPointsImage"},"maxPerStreamSetting":{"isEnabled":false,"maxPerStream":0,"__typename":"CommunityPointsCustomRewardMaxPerStreamSetting"},"maxPerUserPerStreamSetting":{"isEnabled":false,"maxPerUserPerStream":2,"__typename":"CommunityPointsCustomRewardMaxPerUserPerStreamSetting"},"globalCooldownSetting":{"isEnabled":false,"globalCooldownSeconds":0,"__typename":"CommunityPointsCustomRewardGlobalCooldownSetting"},"isEnabled":true,"isInStock":true,"isPaused":false,"isSubOnly":false,"isUserInputRequired":true,"shouldRedemptionsSkipRequestQueue":false,"redemptionsRedeemedCurrentStream":null,"prompt":"Wallet Address:","title":"$1 SOL","updatedForIndicatorAt":"2023-12-11T15:20:36.477747928Z","__typename":"CommunityPointsCustomReward"},{"id":"d8df827a-5b1b-445a-b235-56eca2f0f998","backgroundColor":"#000000","cooldownExpiresAt":null,"cost":200000,"defaultImage":{"url":"https://static-cdn.jtvnw.net/custom-reward-images/default-1.png","url2x":"https://static-cdn.jtvnw.net/custom-reward-images/default-2.png","url4x":"https://static-cdn.jtvnw.net/custom-reward-images/default-4.png","__typename":"CommunityPointsImage"},"image":{"url":"https://static-cdn.jtvnw.net/custom-reward-images/534150408/d8df827a-5b1b-445a-b235-56eca2f0f998/c2882d3a-ddb8-433c-94e0-8b17e3350f7c/custom-1.png","url2x":"https://static-cdn.jtvnw.net/custom-reward-images/534150408/d8df827a-5b1b-445a-b235-56eca2f0f998/c2882d3a-ddb8-433c-94e0-8b17e3350f7c/custom-2.png","url4x":"https://static-cdn.jtvnw.net/custom-reward-images/534150408/d8df827a-5b1b-445a-b235-56eca2f0f998/c2882d3a-ddb8-433c-94e0-8b17e3350f7c/custom-4.png","__typename":"CommunityPointsImage"},"maxPerStreamSetting":{"isEnabled":false,"maxPerStream":0,"__typename":"CommunityPointsCustomRewardMaxPerStreamSetting"},"maxPerUserPerStreamSetting":{"isEnabled":false,"maxPerUserPerStream":2,"__typename":"CommunityPointsCustomRewardMaxPerUserPerStreamSetting"},"globalCooldownSetting":{"isEnabled":false,"globalCooldownSeconds":0,"__typename":"CommunityPointsCustomRewardGlobalCooldownSetting"},"isEnabled":true,"isInStock":true,"isPaused":false,"isSubOnly":false,"isUserInputRequired":true,"shouldRedemptionsSkipRequestQueue":false,"redemptionsRedeemedCurrentStream":null,"prompt":"Wallet Address:","title":"$5 SOL","updatedForIndicatorAt":"2023-12-11T15:21:01.744866791Z","__typename":"CommunityPointsCustomReward"}],"goals":[],"isEnabled":true,"raidPointAmount":250,"emoteVariants":[],"earning":{"id":"Y29wb0NoYW5uZWxFYXJuaW5nU2V0dGluZ3M6NTM0MTUwNDA4","averagePointsPerHour":220,"cheerPoints":350,"claimPoints":50,"followPoints":300,"passiveWatchPoints":10,"raidPoints":250,"subscriptionGiftPoints":500,"watchStreakPoints":[{"points":300,"__typename":"CommunityPointsWatchStreakEarningSettings"},{"points":350,"__typename":"CommunityPointsWatchStreakEarningSettings"},{"points":400,"__typename":"CommunityPointsWatchStreakEarningSettings"},{"points":450,"__typename":"CommunityPointsWatchStreakEarningSettings"}],"multipliers":[{"reasonCode":"SUB_T1","factor":0.2,"__typename":"CommunityPointsMultiplier"},{"reasonCode":"SUB_T2","factor":0.4,"__typename":"CommunityPointsMultiplier"},{"reasonCode":"SUB_T3","factor":1,"__typename":"CommunityPointsMultiplier"}],"__typename":"CommunityPointsChannelEarningSettings"}}},"__typename":"User","self":{"isModerator":false,"__typename":"UserSelfConnection"}},"currentUser":{"id":"460709233","communityPoints":{"lastViewedContent":[{"contentID":"SINGLE_MESSAGE_BYPASS_SUB_MODE","contentType":"AUTOMATIC_REWARD","lastViewedAt":"2024-03-28T12:21:33.054062621Z","__typename":"CommunityPointsLastViewedContentByTypeAndID"},{"contentID":"SEND_HIGHLIGHTED_MESSAGE","contentType":"AUTOMATIC_REWARD","lastViewedAt":"2024-03-28T12:21:33.054062621Z","__typename":"CommunityPointsLastViewedContentByTypeAndID"},{"contentID":"RANDOM_SUB_EMOTE_UNLOCK","contentType":"AUTOMATIC_REWARD","lastViewedAt":"2024-03-28T12:21:33.054062621Z","__typename":"CommunityPointsLastViewedContentByTypeAndID"},{"contentID":"CHOSEN_SUB_EMOTE_UNLOCK","contentType":"AUTOMATIC_REWARD","lastViewedAt":"2024-03-28T12:21:33.054062621Z","__typename":"CommunityPointsLastViewedContentByTypeAndID"},{"contentID":"CHOSEN_MODIFIED_SUB_EMOTE_UNLOCK","contentType":"AUTOMATIC_REWARD","lastViewedAt":"2024-03-28T12:21:33.054062621Z","__typename":"CommunityPointsLastViewedContentByTypeAndID"}],"__typename":"CommunityPointsUserProperties"},"__typename":"User"}},"extensions":{"durationMilliseconds":68,"operationName":"ChannelPointsContext","requestID":"01HT2G4875WFYPP5NESFF278RX"}}
28/03/24 17:51:01 - DEBUG - urllib3.connectionpool - [_new_conn]: Starting new HTTPS connection (1): www.twitch.tv:443
28/03/24 17:51:02 - DEBUG - urllib3.connectionpool - [_make_request]: https://www.twitch.tv:443 "GET /moocallstwitch HTTP/1.1" 200 None
28/03/24 17:51:02 - DEBUG - urllib3.connectionpool - [_new_conn]: Starting new HTTPS connection (1): static.twitchcdn.net:443
28/03/24 17:51:03 - DEBUG - urllib3.connectionpool - [_make_request]: https://static.twitchcdn.net:443 "GET /config/settings.754a01366915e5ca160a03b0694f006a.js HTTP/1.1" 200 42056
28/03/24 17:51:03 - DEBUG - charset_normalizer - [from_bytes]: Encoding detection: ascii is most likely the one.
28/03/24 17:51:03 - DEBUG - urllib3.connectionpool - [_new_conn]: Starting new HTTPS connection (1): www.twitch.tv:443
28/03/24 17:51:03 - DEBUG - urllib3.connectionpool - [_make_request]: https://www.twitch.tv:443 "GET / HTTP/1.1" 200 None
28/03/24 17:51:04 - DEBUG - TwitchChannelPointsMiner.classes.Twitch - [update_client_version]: Client version: 99682f5c-53c2-4182-a649-6b56011c316e
28/03/24 17:51:04 - DEBUG - urllib3.connectionpool - [_new_conn]: Starting new HTTPS connection (1): gql.twitch.tv:443
28/03/24 17:51:04 - DEBUG - urllib3.connectionpool - [_make_request]: https://gql.twitch.tv:443 "POST /gql HTTP/1.1" 200 507
28/03/24 17:51:04 - DEBUG - TwitchChannelPointsMiner.classes.Twitch - [post_gql_request]: Data: {'operationName': 'VideoPlayerStreamInfoOverlayChannel', 'extensions': {'persistedQuery': {'version': 1, 'sha256Hash': 'a5f2e34d626a9f4f5c0204f910bab2194948a9502089be558bb6e779a9e1b3d2'}}, 'variables': {'channel': 'moocallstwitch'}}, Status code: 200, Content: {"data":{"user":{"id":"534150408","profileURL":"https://www.twitch.tv/moocallstwitch","displayName":"MooCallsTwitch","login":"moocallstwitch","profileImageURL":"https://static-cdn.jtvnw.net/jtv_user_pictures/1b3687bc-20da-45f4-a070-34270757465c-profile_image-150x150.png","broadcastSettings":{"id":"534150408","title":"(Upgrading 🛠️) Crypto Trading | Earn $SOL just by watching the Stream !WatchToEarn !Discord !Updates","game":{"id":"499634","displayName":"Crypto","name":"Crypto","__typename":"Game"},"__typename":"BroadcastSettings"},"stream":{"id":"43903142779","viewersCount":15,"tags":[],"__typename":"Stream"},"__typename":"User"}},"extensions":{"durationMilliseconds":56,"operationName":"VideoPlayerStreamInfoOverlayChannel","requestID":"01HT2G4BDZR0EAJT3XK9A8AMG1"}}
28/03/24 17:51:05 - DEBUG - TwitchChannelPointsMiner.classes.entities.Stream - [update]: Update: Stream(title=(Upgrading 🛠️) Crypto Trading | Earn $SOL just by watching the Stream !WatchToEarn !Discord !Updates, game=Crypto, tags=None)
28/03/24 17:51:05 - DEBUG - urllib3.connectionpool - [_new_conn]: Starting new HTTPS connection (1): www.twitch.tv:443
28/03/24 17:51:05 - DEBUG - urllib3.connectionpool - [_make_request]: https://www.twitch.tv:443 "GET / HTTP/1.1" 200 None
28/03/24 17:51:05 - DEBUG - TwitchChannelPointsMiner.classes.Twitch - [update_client_version]: Client version: 99682f5c-53c2-4182-a649-6b56011c316e
28/03/24 17:51:05 - DEBUG - urllib3.connectionpool - [_new_conn]: Starting new HTTPS connection (1): gql.twitch.tv:443
28/03/24 17:51:06 - DEBUG - urllib3.connectionpool - [_make_request]: https://gql.twitch.tv:443 "POST /gql HTTP/1.1" 200 205
28/03/24 17:51:06 - DEBUG - TwitchChannelPointsMiner.classes.Twitch - [post_gql_request]: Data: {'operationName': 'DropsHighlightService_AvailableDrops', 'extensions': {'persistedQuery': {'version': 1, 'sha256Hash': '9a62a09bce5b53e26e64a671e530bc599cb6aab1e5ba3cbd5d85966d3940716f'}}, 'variables': {'channelID': '534150408'}}, Status code: 200, Content: {"data":{"channel":{"id":"534150408","viewerDropCampaigns":null,"__typename":"Channel"}},"extensions":{"durationMilliseconds":30,"operationName":"DropsHighlightService_AvailableDrops","requestID":"01HT2G4D61BE5KMGV6HH1BZ0FM"}}
28/03/24 17:51:06 - INFO - TwitchChannelPointsMiner.classes.Chat - [run]: Join IRC Chat: moocallstwitch
28/03/24 17:51:06 - INFO - TwitchChannelPointsMiner.classes.entities.Streamer - [set_online]: Streamer(username=moocallstwitch, channel_id=534150408, channel_points=0) is Online!
28/03/24 17:51:07 - DEBUG - urllib3.connectionpool - [_new_conn]: Starting new HTTPS connection (1): www.twitch.tv:443
28/03/24 17:51:07 - DEBUG - urllib3.connectionpool - [_make_request]: https://www.twitch.tv:443 "GET / HTTP/1.1" 200 None
28/03/24 17:51:07 - DEBUG - TwitchChannelPointsMiner.classes.Twitch - [update_client_version]: Client version: 99682f5c-53c2-4182-a649-6b56011c316e
28/03/24 17:51:07 - DEBUG - urllib3.connectionpool - [_new_conn]: Starting new HTTPS connection (1): gql.twitch.tv:443
28/03/24 17:51:08 - DEBUG - urllib3.connectionpool - [_make_request]: https://gql.twitch.tv:443 "POST /gql HTTP/1.1" 200 None
28/03/24 17:51:08 - DEBUG - TwitchChannelPointsMiner.classes.Twitch - [post_gql_request]: Data: {'operationName': 'ChannelPointsContext', 'extensions': {'persistedQuery': {'version': 1, 'sha256Hash': '1530a003a7d374b0380b79db0be0534f30ff46e61cffa2bc0e2468a909fbc024'}}, 'variables': {'channelLogin': 'zintid'}}, Status code: 200, Content: {"data":{"community":{"id":"158988474","displayName":"Zintid","channel":{"id":"158988474","self":{"communityPoints":{"availableClaim":null,"__typename":"CommunityPointsProperties","balance":0,"activeMultipliers":[],"canRedeemRewardsForFree":false,"lastViewedContent":[{"contentType":"AUTOMATIC_REWARD","lastViewedAt":"2024-03-28T12:21:40.282505456Z","__typename":"CommunityPointsLastViewedContentByType"},{"contentType":"CUSTOM_REWARD","lastViewedAt":"2024-03-28T12:21:40.282505456Z","__typename":"CommunityPointsLastViewedContentByType"}],"userRedemptions":[]},"__typename":"ChannelSelfEdge"},"__typename":"Channel","communityPointsSettings":{"name":"Z Coins","image":{"url":"https://static-cdn.jtvnw.net/channel-points-icons/158988474/3879afc2-cc93-4d31-a994-cb8300a3fb52/icon-1.png","url2x":"https://static-cdn.jtvnw.net/channel-points-icons/158988474/3879afc2-cc93-4d31-a994-cb8300a3fb52/icon-2.png","url4x":"https://static-cdn.jtvnw.net/channel-points-icons/158988474/3879afc2-cc93-4d31-a994-cb8300a3fb52/icon-4.png","__typename":"CommunityPointsImage"},"__typename":"CommunityPointsChannelSettings","automaticRewards":[{"id":"158988474:SINGLE_MESSAGE_BYPASS_SUB_MODE","backgroundColor":null,"cost":null,"defaultBackgroundColor":"#9146FF","defaultCost":350,"defaultImage":{"url":"https://static-cdn.jtvnw.net/automatic-reward-images/subsonly-1.png","url2x":"https://static-cdn.jtvnw.net/automatic-reward-images/subsonly-2.png","url4x":"https://static-cdn.jtvnw.net/automatic-reward-images/subsonly-4.png","__typename":"CommunityPointsImage"},"image":null,"isEnabled":false,"isHiddenForSubs":true,"minimumCost":80,"type":"SINGLE_MESSAGE_BYPASS_SUB_MODE","updatedForIndicatorAt":"2023-03-17T12:17:56.921415903Z","globallyUpdatedForIndicatorAt":"2019-09-03T21:00:00Z","__typename":"CommunityPointsAutomaticReward"},{"id":"158988474:SEND_HIGHLIGHTED_MESSAGE","backgroundColor":null,"cost":null,"defaultBackgroundColor":"#FF6905","defaultCost":100,"defaultImage":{"url":"https://static-cdn.jtvnw.net/automatic-reward-images/highlight-1.png","url2x":"https://static-cdn.jtvnw.net/automatic-reward-images/highlight-2.png","url4x":"https://static-cdn.jtvnw.net/automatic-reward-images/highlight-4.png","__typename":"CommunityPointsImage"},"image":null,"isEnabled":false,"isHiddenForSubs":false,"minimumCost":10,"type":"SEND_HIGHLIGHTED_MESSAGE","updatedForIndicatorAt":"2023-11-11T01:30:50.312096629Z","globallyUpdatedForIndicatorAt":"2019-09-03T21:00:00Z","__typename":"CommunityPointsAutomaticReward"},{"id":"158988474:RANDOM_SUB_EMOTE_UNLOCK","backgroundColor":null,"cost":null,"defaultBackgroundColor":"#8205B4","defaultCost":320,"defaultImage":{"url":"https://static-cdn.jtvnw.net/automatic-reward-images/random-emote-1.png","url2x":"https://static-cdn.jtvnw.net/automatic-reward-images/random-emote-2.png","url4x":"https://static-cdn.jtvnw.net/automatic-reward-images/random-emote-4.png","__typename":"CommunityPointsImage"},"image":null,"isEnabled":false,"isHiddenForSubs":true,"minimumCost":80,"type":"RANDOM_SUB_EMOTE_UNLOCK","updatedForIndicatorAt":"2023-03-17T12:17:58.218291804Z","globallyUpdatedForIndicatorAt":"2019-09-03T21:00:00Z","__typename":"CommunityPointsAutomaticReward"},{"id":"158988474:CHOSEN_SUB_EMOTE_UNLOCK","backgroundColor":null,"cost":null,"defaultBackgroundColor":"#00C8AF","defaultCost":480,"defaultImage":{"url":"https://static-cdn.jtvnw.net/automatic-reward-images/choose-emote-1.png","url2x":"https://static-cdn.jtvnw.net/automatic-reward-images/choose-emote-2.png","url4x":"https://static-cdn.jtvnw.net/automatic-reward-images/choose-emote-4.png","__typename":"CommunityPointsImage"},"image":null,"isEnabled":false,"isHiddenForSubs":true,"minimumCost":80,"type":"CHOSEN_SUB_EMOTE_UNLOCK","updatedForIndicatorAt":"2023-03-17T12:17:52.68653506Z","globallyUpdatedForIndicatorAt":"2019-09-03T21:00:00Z","__typename":"CommunityPointsAutomaticReward"},{"id":"158988474:CHOSEN_MODIFIED_SUB_EMOTE_UNLOCK","backgroundColor":null,"cost":null,"defaultBackgroundColor":"#00FA05","defaultCost":900,"defaultImage":{"url":"https://static-cdn.jtvnw.net/automatic-reward-images/modify-emote-1.png","url2x":"https://static-cdn.jtvnw.net/automatic-reward-images/modify-emote-2.png","url4x":"https://static-cdn.jtvnw.net/automatic-reward-images/modify-emote-4.png","__typename":"CommunityPointsImage"},"image":null,"isEnabled":false,"isHiddenForSubs":false,"minimumCost":80,"type":"CHOSEN_MODIFIED_SUB_EMOTE_UNLOCK","updatedForIndicatorAt":"2023-11-11T01:30:49.472365707Z","globallyUpdatedForIndicatorAt":"2020-12-14T21:00:00Z","__typename":"CommunityPointsAutomaticReward"}],"customRewards":[{"id":"0023153d-58be-4eb9-b2b8-ecc01c4a3536","backgroundColor":"#5C16C5","cooldownExpiresAt":null,"cost":999,"defaultImage":{"url":"https://static-cdn.jtvnw.net/custom-reward-images/default-1.png","url2x":"https://static-cdn.jtvnw.net/custom-reward-images/default-2.png","url4x":"https://static-cdn.jtvnw.net/custom-reward-images/default-4.png","__typename":"CommunityPointsImage"},"image":{"url":"https://static-cdn.jtvnw.net/custom-reward-images/158988474/0023153d-58be-4eb9-b2b8-ecc01c4a3536/9f1312fc-4f53-493b-bf82-26c04ad0333f/custom-1.png","url2x":"https://static-cdn.jtvnw.net/custom-reward-images/158988474/0023153d-58be-4eb9-b2b8-ecc01c4a3536/9f1312fc-4f53-493b-bf82-26c04ad0333f/custom-2.png","url4x":"https://static-cdn.jtvnw.net/custom-reward-images/158988474/0023153d-58be-4eb9-b2b8-ecc01c4a3536/9f1312fc-4f53-493b-bf82-26c04ad0333f/custom-4.png","__typename":"CommunityPointsImage"},"maxPerStreamSetting":{"isEnabled":false,"maxPerStream":0,"__typename":"CommunityPointsCustomRewardMaxPerStreamSetting"},"maxPerUserPerStreamSetting":{"isEnabled":false,"maxPerUserPerStream":0,"__typename":"CommunityPointsCustomRewardMaxPerUserPerStreamSetting"},"globalCooldownSetting":{"isEnabled":false,"globalCooldownSeconds":0,"__typename":"CommunityPointsCustomRewardGlobalCooldownSetting"},"isEnabled":true,"isInStock":true,"isPaused":false,"isSubOnly":false,"isUserInputRequired":true,"shouldRedemptionsSkipRequestQueue":false,"redemptionsRedeemedCurrentStream":null,"prompt":"Type your username when redeeming not your display name. Make sure you have gamepass or ill reject your request and give back your points.","title":"5 Robux on PLS DONATE","updatedForIndicatorAt":"2023-12-22T06:22:51.968545934Z","__typename":"CommunityPointsCustomReward"},{"id":"01ff1e20-a23d-4932-bb49-c9df4969398f","backgroundColor":"#9147FF","cooldownExpiresAt":null,"cost":19700,"defaultImage":{"url":"https://static-cdn.jtvnw.net/custom-reward-images/default-1.png","url2x":"https://static-cdn.jtvnw.net/custom-reward-images/default-2.png","url4x":"https://static-cdn.jtvnw.net/custom-reward-images/default-4.png","__typename":"CommunityPointsImage"},"image":{"url":"https://static-cdn.jtvnw.net/custom-reward-images/158988474/01ff1e20-a23d-4932-bb49-c9df4969398f/79343eda-ebdc-415e-a163-027192bef1f3/custom-1.png","url2x":"https://static-cdn.jtvnw.net/custom-reward-images/158988474/01ff1e20-a23d-4932-bb49-c9df4969398f/79343eda-ebdc-415e-a163-027192bef1f3/custom-2.png","url4x":"https://static-cdn.jtvnw.net/custom-reward-images/158988474/01ff1e20-a23d-4932-bb49-c9df4969398f/79343eda-ebdc-415e-a163-027192bef1f3/custom-4.png","__typename":"CommunityPointsImage"},"maxPerStreamSetting":{"isEnabled":false,"maxPerStream":0,"__typename":"CommunityPointsCustomRewardMaxPerStreamSetting"},"maxPerUserPerStreamSetting":{"isEnabled":false,"maxPerUserPerStream":0,"__typename":"CommunityPointsCustomRewardMaxPerUserPerStreamSetting"},"globalCooldownSetting":{"isEnabled":false,"globalCooldownSeconds":0,"__typename":"CommunityPointsCustomRewardGlobalCooldownSetting"},"isEnabled":false,"isInStock":true,"isPaused":true,"isSubOnly":false,"isUserInputRequired":true,"shouldRedemptionsSkipRequestQueue":false,"redemptionsRedeemedCurrentStream":null,"prompt":"Add your username here when redeeming so I can send it to you. Be sure you have joined the group for 15 days before redeeming.","title":"100 Robux on Group (No tax No Pending)","updatedForIndicatorAt":"2024-03-01T05:51:22.231161517Z","__typename":"CommunityPointsCustomReward"},{"id":"103af404-e257-45d9-ab56-1afcff0da801","backgroundColor":"#AE1392","cooldownExpiresAt":null,"cost":190000,"defaultImage":{"url":"https://static-cdn.jtvnw.net/custom-reward-images/default-1.png","url2x":"https://static-cdn.jtvnw.net/custom-reward-images/default-2.png","url4x":"https://static-cdn.jtvnw.net/custom-reward-images/default-4.png","__typename":"CommunityPointsImage"},"image":{"url":"https://static-cdn.jtvnw.net/custom-reward-images/158988474/103af404-e257-45d9-ab56-1afcff0da801/cacc8b46-f0b8-4eec-b888-14df6db91c0f/custom-1.png","url2x":"https://static-cdn.jtvnw.net/custom-reward-images/158988474/103af404-e257-45d9-ab56-1afcff0da801/cacc8b46-f0b8-4eec-b888-14df6db91c0f/custom-2.png","url4x":"https://static-cdn.jtvnw.net/custom-reward-images/158988474/103af404-e257-45d9-ab56-1afcff0da801/cacc8b46-f0b8-4eec-b888-14df6db91c0f/custom-4.png","__typename":"CommunityPointsImage"},"maxPerStreamSetting":{"isEnabled":false,"maxPerStream":0,"__typename":"CommunityPointsCustomRewardMaxPerStreamSetting"},"maxPerUserPerStreamSetting":{"isEnabled":false,"maxPerUserPerStream":0,"__typename":"CommunityPointsCustomRewardMaxPerUserPerStreamSetting"},"globalCooldownSetting":{"isEnabled":false,"globalCooldownSeconds":0,"__typename":"CommunityPointsCustomRewardGlobalCooldownSetting"},"isEnabled":true,"isInStock":true,"isPaused":false,"isSubOnly":false,"isUserInputRequired":true,"shouldRedemptionsSkipRequestQueue":false,"redemptionsRedeemedCurrentStream":null,"prompt":"Type your username when redeeming not your display name. Make sure you have gamepass or ill reject your request and give back your points.","title":"1000 Robux on PLS DONATE","updatedForIndicatorAt":"2023-12-22T06:29:06.519671621Z","__typename":"CommunityPointsCustomReward"},{"id":"1ab8bb8b-a9ba-4cf3-936f-bf60ca96b267","backgroundColor":"#00F593","cooldownExpiresAt":null,"cost":1990,"defaultImage":{"url":"https://static-cdn.jtvnw.net/custom-reward-images/default-1.png","url2x":"https://static-cdn.jtvnw.net/custom-reward-images/default-2.png","url4x":"https://static-cdn.jtvnw.net/custom-reward-images/default-4.png","__typename":"CommunityPointsImage"},"image":{"url":"https://static-cdn.jtvnw.net/custom-reward-images/158988474/1ab8bb8b-a9ba-4cf3-936f-bf60ca96b267/f253394d-ea62-4d29-8530-861ca54be6e8/custom-1.png","url2x":"https://static-cdn.jtvnw.net/custom-reward-images/158988474/1ab8bb8b-a9ba-4cf3-936f-bf60ca96b267/f253394d-ea62-4d29-8530-861ca54be6e8/custom-2.png","url4x":"https://static-cdn.jtvnw.net/custom-reward-images/158988474/1ab8bb8b-a9ba-4cf3-936f-bf60ca96b267/f253394d-ea62-4d29-8530-861ca54be6e8/custom-4.png","__typename":"CommunityPointsImage"},"maxPerStreamSetting":{"isEnabled":false,"maxPerStream":0,"__typename":"CommunityPointsCustomRewardMaxPerStreamSetting"},"maxPerUserPerStreamSetting":{"isEnabled":false,"maxPerUserPerStream":0,"__typename":"CommunityPointsCustomRewardMaxPerUserPerStreamSetting"},"globalCooldownSetting":{"isEnabled":false,"globalCooldownSeconds":0,"__typename":"CommunityPointsCustomRewardGlobalCooldownSetting"},"isEnabled":false,"isInStock":true,"isPaused":true,"isSubOnly":false,"isUserInputRequired":true,"shouldRedemptionsSkipRequestQueue":false,"redemptionsRedeemedCurrentStream":null,"prompt":"Add your username here when redeeming so I can send it to you. Be sure you have joined the group for 15 days before redeeming.","title":"10 Robux on Group (No tax No Pending)","updatedForIndicatorAt":"2024-03-01T05:51:19.123377759Z","__typename":"CommunityPointsCustomReward"},{"id":"2c270a30-8492-4ac6-a1c1-390c1c7fc134","backgroundColor":"#1345AA","cooldownExpiresAt":null,"cost":39300,"defaultImage":{"url":"https://static-cdn.jtvnw.net/custom-reward-images/default-1.png","url2x":"https://static-cdn.jtvnw.net/custom-reward-images/default-2.png","url4x":"https://static-cdn.jtvnw.net/custom-reward-images/default-4.png","__typename":"CommunityPointsImage"},"image":{"url":"https://static-cdn.jtvnw.net/custom-reward-images/158988474/2c270a30-8492-4ac6-a1c1-390c1c7fc134/048b8b6c-acf7-44c7-bc2d-f655222d3b48/custom-1.png","url2x":"https://static-cdn.jtvnw.net/custom-reward-images/158988474/2c270a30-8492-4ac6-a1c1-390c1c7fc134/048b8b6c-acf7-44c7-bc2d-f655222d3b48/custom-2.png","url4x":"https://static-cdn.jtvnw.net/custom-reward-images/158988474/2c270a30-8492-4ac6-a1c1-390c1c7fc134/048b8b6c-acf7-44c7-bc2d-f655222d3b48/custom-4.png","__typename":"CommunityPointsImage"},"maxPerStreamSetting":{"isEnabled":false,"maxPerStream":0,"__typename":"CommunityPointsCustomRewardMaxPerStreamSetting"},"maxPerUserPerStreamSetting":{"isEnabled":false,"maxPerUserPerStream":0,"__typename":"CommunityPointsCustomRewardMaxPerUserPerStreamSetting"},"globalCooldownSetting":{"isEnabled":false,"globalCooldownSeconds":0,"__typename":"CommunityPointsCustomRewardGlobalCooldownSetting"},"isEnabled":true,"isInStock":true,"isPaused":false,"isSubOnly":false,"isUserInputRequired":true,"shouldRedemptionsSkipRequestQueue":false,"redemptionsRedeemedCurrentStream":null,"prompt":"Type your username when redeeming not your display name. Make sure you have gamepass or ill reject your request and give back your points.","title":"200 Robux on PLS DONATE","updatedForIndicatorAt":"2023-12-22T06:27:40.733684878Z","__typename":"CommunityPointsCustomReward"},{"id":"456da7b4-f618-4065-82aa-a49e828a229a","backgroundColor":"#EB0400","cooldownExpiresAt":null,"cost":9900,"defaultImage":{"url":"https://static-cdn.jtvnw.net/custom-reward-images/default-1.png","url2x":"https://static-cdn.jtvnw.net/custom-reward-images/default-2.png","url4x":"https://static-cdn.jtvnw.net/custom-reward-images/default-4.png","__typename":"CommunityPointsImage"},"image":{"url":"https://static-cdn.jtvnw.net/custom-reward-images/158988474/456da7b4-f618-4065-82aa-a49e828a229a/600273f3-ffbf-4a4d-8598-d087fd7975aa/custom-1.png","url2x":"https://static-cdn.jtvnw.net/custom-reward-images/158988474/456da7b4-f618-4065-82aa-a49e828a229a/600273f3-ffbf-4a4d-8598-d087fd7975aa/custom-2.png","url4x":"https://static-cdn.jtvnw.net/custom-reward-images/158988474/456da7b4-f618-4065-82aa-a49e828a229a/600273f3-ffbf-4a4d-8598-d087fd7975aa/custom-4.png","__typename":"CommunityPointsImage"},"maxPerStreamSetting":{"isEnabled":false,"maxPerStream":0,"__typename":"CommunityPointsCustomRewardMaxPerStreamSetting"},"maxPerUserPerStreamSetting":{"isEnabled":false,"maxPerUserPerStream":0,"__typename":"CommunityPointsCustomRewardMaxPerUserPerStreamSetting"},"globalCooldownSetting":{"isEnabled":false,"globalCooldownSeconds":0,"__typename":"CommunityPointsCustomRewardGlobalCooldownSetting"},"isEnabled":false,"isInStock":true,"isPaused":true,"isSubOnly":false,"isUserInputRequired":true,"shouldRedemptionsSkipRequestQueue":false,"redemptionsRedeemedCurrentStream":null,"prompt":"Add your username here when redeeming so I can send it to you. Be sure you have joined the group for 15 days before redeeming.","title":"50 Robux on Group (No tax No Pending)","updatedForIndicatorAt":"2024-03-01T05:51:21.148159378Z","__typename":"CommunityPointsCustomReward"},{"id":"48c5d8fb-125c-480b-94a8-2102ba2392ea","backgroundColor":"#D1B3FF","cooldownExpiresAt":null,"cost":190000,"defaultImage":{"url":"https://static-cdn.jtvnw.net/custom-reward-images/default-1.png","url2x":"https://static-cdn.jtvnw.net/custom-reward-images/default-2.png","url4x":"https://static-cdn.jtvnw.net/custom-reward-images/default-4.png","__typename":"CommunityPointsImage"},"image":{"url":"https://static-cdn.jtvnw.net/custom-reward-images/158988474/48c5d8fb-125c-480b-94a8-2102ba2392ea/25bf2236-c679-4d10-ad89-1291e71e5a17/custom-1.png","url2x":"https://static-cdn.jtvnw.net/custom-reward-images/158988474/48c5d8fb-125c-480b-94a8-2102ba2392ea/25bf2236-c679-4d10-ad89-1291e71e5a17/custom-2.png","url4x":"https://static-cdn.jtvnw.net/custom-reward-images/158988474/48c5d8fb-125c-480b-94a8-2102ba2392ea/25bf2236-c679-4d10-ad89-1291e71e5a17/custom-4.png","__typename":"CommunityPointsImage"},"maxPerStreamSetting":{"isEnabled":false,"maxPerStream":0,"__typename":"CommunityPointsCustomRewardMaxPerStreamSetting"},"maxPerUserPerStreamSetting":{"isEnabled":false,"maxPerUserPerStream":0,"__typename":"CommunityPointsCustomRewardMaxPerUserPerStreamSetting"},"globalCooldownSetting":{"isEnabled":false,"globalCooldownSeconds":0,"__typename":"CommunityPointsCustomRewardGlobalCooldownSetting"},"isEnabled":false,"isInStock":true,"isPaused":true,"isSubOnly":false,"isUserInputRequired":true,"shouldRedemptionsSkipRequestQueue":false,"redemptionsRedeemedCurrentStream":null,"prompt":"Add your username here when redeeming so I can send it to you. Be sure you have joined the group for 15 days before redeeming.","title":"1000 Robux on Group (No tax No Pending)","updatedForIndicatorAt":"2024-03-01T05:51:26.889816285Z","__typename":"CommunityPointsCustomReward"},{"id":"4f502acc-f8d5-4988-9654-57843b8cf4aa","backgroundColor":"#00F593","cooldownExpiresAt":null,"cost":19700,"defaultImage":{"url":"https://static-cdn.jtvnw.net/custom-reward-images/default-1.png","url2x":"https://static-cdn.jtvnw.net/custom-reward-images/default-2.png","url4x":"https://static-cdn.jtvnw.net/custom-reward-images/default-4.png","__typename":"CommunityPointsImage"},"image":{"url":"https://static-cdn.jtvnw.net/custom-reward-images/158988474/4f502acc-f8d5-4988-9654-57843b8cf4aa/b6092a03-4582-453c-9e48-112908a1188b/custom-1.png","url2x":"https://static-cdn.jtvnw.net/custom-reward-images/158988474/4f502acc-f8d5-4988-9654-57843b8cf4aa/b6092a03-4582-453c-9e48-112908a1188b/custom-2.png","url4x":"https://static-cdn.jtvnw.net/custom-reward-images/158988474/4f502acc-f8d5-4988-9654-57843b8cf4aa/b6092a03-4582-453c-9e48-112908a1188b/custom-4.png","__typename":"CommunityPointsImage"},"maxPerStreamSetting":{"isEnabled":false,"maxPerStream":0,"__typename":"CommunityPointsCustomRewardMaxPerStreamSetting"},"maxPerUserPerStreamSetting":{"isEnabled":false,"maxPerUserPerStream":0,"__typename":"CommunityPointsCustomRewardMaxPerUserPerStreamSetting"},"globalCooldownSetting":{"isEnabled":false,"globalCooldownSeconds":0,"__typename":"CommunityPointsCustomRewardGlobalCooldownSetting"},"isEnabled":true,"isInStock":true,"isPaused":false,"isSubOnly":false,"isUserInputRequired":true,"shouldRedemptionsSkipRequestQueue":false,"redemptionsRedeemedCurrentStream":null,"prompt":"Type your username when redeeming not your display name. Make sure you have gamepass or ill reject your request and give back your points.","title":"100 Robux on Pls Donate","updatedForIndicatorAt":"2023-12-22T06:26:20.849652136Z","__typename":"CommunityPointsCustomReward"},{"id":"654773de-3316-462c-93c0-b2b9ce07654b","backgroundColor":"#D1B3FF","cooldownExpiresAt":null,"cost":400,"defaultImage":{"url":"https://static-cdn.jtvnw.net/custom-reward-images/default-1.png","url2x":"https://static-cdn.jtvnw.net/custom-reward-images/default-2.png","url4x":"https://static-cdn.jtvnw.net/custom-reward-images/default-4.png","__typename":"CommunityPointsImage"},"image":{"url":"https://static-cdn.jtvnw.net/custom-reward-images/158988474/654773de-3316-462c-93c0-b2b9ce07654b/606cdd16-5f7e-4885-95a7-ab8439f206b2/custom-1.png","url2x":"https://static-cdn.jtvnw.net/custom-reward-images/158988474/654773de-3316-462c-93c0-b2b9ce07654b/606cdd16-5f7e-4885-95a7-ab8439f206b2/custom-2.png","url4x":"https://static-cdn.jtvnw.net/custom-reward-images/158988474/654773de-3316-462c-93c0-b2b9ce07654b/606cdd16-5f7e-4885-95a7-ab8439f206b2/custom-4.png","__typename":"CommunityPointsImage"},"maxPerStreamSetting":{"isEnabled":false,"maxPerStream":0,"__typename":"CommunityPointsCustomRewardMaxPerStreamSetting"},"maxPerUserPerStreamSetting":{"isEnabled":false,"maxPerUserPerStream":0,"__typename":"CommunityPointsCustomRewardMaxPerUserPerStreamSetting"},"globalCooldownSetting":{"isEnabled":false,"globalCooldownSeconds":0,"__typename":"CommunityPointsCustomRewardGlobalCooldownSetting"},"isEnabled":true,"isInStock":true,"isPaused":false,"isSubOnly":false,"isUserInputRequired":true,"shouldRedemptionsSkipRequestQueue":false,"redemptionsRedeemedCurrentStream":null,"prompt":"Type your username when redeeming not your display name. Make sure you have gamepass or ill reject your request and give back your points.","title":"2 Robux on PLS DONATE","updatedForIndicatorAt":"2023-12-27T10:55:21.363446888Z","__typename":"CommunityPointsCustomReward"},{"id":"6e8c4da7-dfee-4380-9c34-d1528cac8962","backgroundColor":"#451093","cooldownExpiresAt":null,"cost":999,"defaultImage":{"url":"https://static-cdn.jtvnw.net/custom-reward-images/default-1.png","url2x":"https://static-cdn.jtvnw.net/custom-reward-images/default-2.png","url4x":"https://static-cdn.jtvnw.net/custom-reward-images/default-4.png","__typename":"CommunityPointsImage"},"image":{"url":"https://static-cdn.jtvnw.net/custom-reward-images/158988474/6e8c4da7-dfee-4380-9c34-d1528cac8962/44eb683c-9dbd-475b-8962-2cdbb73fa2d3/custom-1.png","url2x":"https://static-cdn.jtvnw.net/custom-reward-images/158988474/6e8c4da7-dfee-4380-9c34-d1528cac8962/44eb683c-9dbd-475b-8962-2cdbb73fa2d3/custom-2.png","url4x":"https://static-cdn.jtvnw.net/custom-reward-images/158988474/6e8c4da7-dfee-4380-9c34-d1528cac8962/44eb683c-9dbd-475b-8962-2cdbb73fa2d3/custom-4.png","__typename":"CommunityPointsImage"},"maxPerStreamSetting":{"isEnabled":false,"maxPerStream":0,"__typename":"CommunityPointsCustomRewardMaxPerStreamSetting"},"maxPerUserPerStreamSetting":{"isEnabled":false,"maxPerUserPerStream":0,"__typename":"CommunityPointsCustomRewardMaxPerUserPerStreamSetting"},"globalCooldownSetting":{"isEnabled":false,"globalCooldownSeconds":0,"__typename":"CommunityPointsCustomRewardGlobalCooldownSetting"},"isEnabled":false,"isInStock":true,"isPaused":true,"isSubOnly":false,"isUserInputRequired":true,"shouldRedemptionsSkipRequestQueue":false,"redemptionsRedeemedCurrentStream":null,"prompt":"Add your username here when redeeming so I can send it to you. Be sure you have joined the group for 15 days before redeeming.","title":"5 Robux on Group (No tax No Pending)","updatedForIndicatorAt":"2024-03-01T05:51:18.301911541Z","__typename":"CommunityPointsCustomReward"},{"id":"8d0b7007-58c3-4485-9da5-75964c65161e","backgroundColor":"#D1B3FF","cooldownExpiresAt":null,"cost":3970,"defaultImage":{"url":"https://static-cdn.jtvnw.net/custom-reward-images/default-1.png","url2x":"https://static-cdn.jtvnw.net/custom-reward-images/default-2.png","url4x":"https://static-cdn.jtvnw.net/custom-reward-images/default-4.png","__typename":"CommunityPointsImage"},"image":{"url":"https://static-cdn.jtvnw.net/custom-reward-images/158988474/8d0b7007-58c3-4485-9da5-75964c65161e/bb38bc6f-3c38-4e85-a29f-bc3920337a3f/custom-1.png","url2x":"https://static-cdn.jtvnw.net/custom-reward-images/158988474/8d0b7007-58c3-4485-9da5-75964c65161e/bb38bc6f-3c38-4e85-a29f-bc3920337a3f/custom-2.png","url4x":"https://static-cdn.jtvnw.net/custom-reward-images/158988474/8d0b7007-58c3-4485-9da5-75964c65161e/bb38bc6f-3c38-4e85-a29f-bc3920337a3f/custom-4.png","__typename":"CommunityPointsImage"},"maxPerStreamSetting":{"isEnabled":false,"maxPerStream":0,"__typename":"CommunityPointsCustomRewardMaxPerStreamSetting"},"maxPerUserPerStreamSetting":{"isEnabled":false,"maxPerUserPerStream":0,"__typename":"CommunityPointsCustomRewardMaxPerUserPerStreamSetting"},"globalCooldownSetting":{"isEnabled":false,"globalCooldownSeconds":0,"__typename":"CommunityPointsCustomRewardGlobalCooldownSetting"},"isEnabled":true,"isInStock":true,"isPaused":false,"isSubOnly":false,"isUserInputRequired":true,"shouldRedemptionsSkipRequestQueue":false,"redemptionsRedeemedCurrentStream":null,"prompt":"Type your username when redeeming not your display name. Make sure you have gamepass or ill reject your request and give back your points.","title":"20 Robux on PLS DONATE","updatedForIndicatorAt":"2023-12-22T06:24:18.031011937Z","__typename":"CommunityPointsCustomReward"},{"id":"a3e44caa-61ec-4359-b364-30670396d0d5","backgroundColor":"#FFD37A","cooldownExpiresAt":null,"cost":1990,"defaultImage":{"url":"https://static-cdn.jtvnw.net/custom-reward-images/default-1.png","url2x":"https://static-cdn.jtvnw.net/custom-reward-images/default-2.png","url4x":"https://static-cdn.jtvnw.net/custom-reward-images/default-4.png","__typename":"CommunityPointsImage"},"image":{"url":"https://static-cdn.jtvnw.net/custom-reward-images/158988474/a3e44caa-61ec-4359-b364-30670396d0d5/cbcffdc3-f89c-4d13-83fb-cb648675c209/custom-1.png","url2x":"https://static-cdn.jtvnw.net/custom-reward-images/158988474/a3e44caa-61ec-4359-b364-30670396d0d5/cbcffdc3-f89c-4d13-83fb-cb648675c209/custom-2.png","url4x":"https://static-cdn.jtvnw.net/custom-reward-images/158988474/a3e44caa-61ec-4359-b364-30670396d0d5/cbcffdc3-f89c-4d13-83fb-cb648675c209/custom-4.png","__typename":"CommunityPointsImage"},"maxPerStreamSetting":{"isEnabled":false,"maxPerStream":0,"__typename":"CommunityPointsCustomRewardMaxPerStreamSetting"},"maxPerUserPerStreamSetting":{"isEnabled":false,"maxPerUserPerStream":0,"__typename":"CommunityPointsCustomRewardMaxPerUserPerStreamSetting"},"globalCooldownSetting":{"isEnabled":false,"globalCooldownSeconds":0,"__typename":"CommunityPointsCustomRewardGlobalCooldownSetting"},"isEnabled":true,"isInStock":true,"isPaused":false,"isSubOnly":false,"isUserInputRequired":true,"shouldRedemptionsSkipRequestQueue":false,"redemptionsRedeemedCurrentStream":null,"prompt":"Type your username when redeeming not your display name. Make sure you have gamepass or ill reject your request and give back your points.","title":"10 Robux on PLS DONATE","updatedForIndicatorAt":"2023-12-22T06:23:31.125946246Z","__typename":"CommunityPointsCustomReward"},{"id":"c7023efd-c3f2-48f7-933e-57173ed301c0","backgroundColor":"#EB0400","cooldownExpiresAt":null,"cost":98000,"defaultImage":{"url":"https://static-cdn.jtvnw.net/custom-reward-images/default-1.png","url2x":"https://static-cdn.jtvnw.net/custom-reward-images/default-2.png","url4x":"https://static-cdn.jtvnw.net/custom-reward-images/default-4.png","__typename":"CommunityPointsImage"},"image":{"url":"https://static-cdn.jtvnw.net/custom-reward-images/158988474/c7023efd-c3f2-48f7-933e-57173ed301c0/7e6bc7b0-41a9-470a-b789-d77195f9f92f/custom-1.png","url2x":"https://static-cdn.jtvnw.net/custom-reward-images/158988474/c7023efd-c3f2-48f7-933e-57173ed301c0/7e6bc7b0-41a9-470a-b789-d77195f9f92f/custom-2.png","url4x":"https://static-cdn.jtvnw.net/custom-reward-images/158988474/c7023efd-c3f2-48f7-933e-57173ed301c0/7e6bc7b0-41a9-470a-b789-d77195f9f92f/custom-4.png","__typename":"CommunityPointsImage"},"maxPerStreamSetting":{"isEnabled":false,"maxPerStream":0,"__typename":"CommunityPointsCustomRewardMaxPerStreamSetting"},"maxPerUserPerStreamSetting":{"isEnabled":false,"maxPerUserPerStream":0,"__typename":"CommunityPointsCustomRewardMaxPerUserPerStreamSetting"},"globalCooldownSetting":{"isEnabled":false,"globalCooldownSeconds":0,"__typename":"CommunityPointsCustomRewardGlobalCooldownSetting"},"isEnabled":true,"isInStock":true,"isPaused":false,"isSubOnly":false,"isUserInputRequired":true,"shouldRedemptionsSkipRequestQueue":false,"redemptionsRedeemedCurrentStream":null,"prompt":"Type your username when redeeming not your display name. Make sure you have gamepass or ill reject your request and give back your points.","title":"500 Robux on PLS DONATE","updatedForIndicatorAt":"2023-12-22T06:27:04.589084001Z","__typename":"CommunityPointsCustomReward"},{"id":"c7b005f2-d72e-495f-b7fd-8685f66afc93","backgroundColor":"#1F69FF","cooldownExpiresAt":null,"cost":9900,"defaultImage":{"url":"https://static-cdn.jtvnw.net/custom-reward-images/default-1.png","url2x":"https://static-cdn.jtvnw.net/custom-reward-images/default-2.png","url4x":"https://static-cdn.jtvnw.net/custom-reward-images/default-4.png","__typename":"CommunityPointsImage"},"image":{"url":"https://static-cdn.jtvnw.net/custom-reward-images/158988474/c7b005f2-d72e-495f-b7fd-8685f66afc93/24b58b03-4100-4d2b-96dc-a32076a0b50a/custom-1.png","url2x":"https://static-cdn.jtvnw.net/custom-reward-images/158988474/c7b005f2-d72e-495f-b7fd-8685f66afc93/24b58b03-4100-4d2b-96dc-a32076a0b50a/custom-2.png","url4x":"https://static-cdn.jtvnw.net/custom-reward-images/158988474/c7b005f2-d72e-495f-b7fd-8685f66afc93/24b58b03-4100-4d2b-96dc-a32076a0b50a/custom-4.png","__typename":"CommunityPointsImage"},"maxPerStreamSetting":{"isEnabled":false,"maxPerStream":0,"__typename":"CommunityPointsCustomRewardMaxPerStreamSetting"},"maxPerUserPerStreamSetting":{"isEnabled":false,"maxPerUserPerStream":0,"__typename":"CommunityPointsCustomRewardMaxPerUserPerStreamSetting"},"globalCooldownSetting":{"isEnabled":false,"globalCooldownSeconds":0,"__typename":"CommunityPointsCustomRewardGlobalCooldownSetting"},"isEnabled":true,"isInStock":true,"isPaused":false,"isSubOnly":false,"isUserInputRequired":true,"shouldRedemptionsSkipRequestQueue":false,"redemptionsRedeemedCurrentStream":null,"prompt":"Type your username when redeeming not your display name. Make sure you have gamepass or ill reject your request and give back your points.","title":"50 Robux on PLS DONATE","updatedForIndicatorAt":"2023-12-22T06:25:06.747394783Z","__typename":"CommunityPointsCustomReward"},{"id":"ced449eb-cb1e-47fb-8791-af2f838ee7dd","backgroundColor":"#E69900","cooldownExpiresAt":null,"cost":39300,"defaultImage":{"url":"https://static-cdn.jtvnw.net/custom-reward-images/default-1.png","url2x":"https://static-cdn.jtvnw.net/custom-reward-images/default-2.png","url4x":"https://static-cdn.jtvnw.net/custom-reward-images/default-4.png","__typename":"CommunityPointsImage"},"image":{"url":"https://static-cdn.jtvnw.net/custom-reward-images/158988474/ced449eb-cb1e-47fb-8791-af2f838ee7dd/fcc9ff8c-6ab9-4e96-9047-40c25d0eb454/custom-1.png","url2x":"https://static-cdn.jtvnw.net/custom-reward-images/158988474/ced449eb-cb1e-47fb-8791-af2f838ee7dd/fcc9ff8c-6ab9-4e96-9047-40c25d0eb454/custom-2.png","url4x":"https://static-cdn.jtvnw.net/custom-reward-images/158988474/ced449eb-cb1e-47fb-8791-af2f838ee7dd/fcc9ff8c-6ab9-4e96-9047-40c25d0eb454/custom-4.png","__typename":"CommunityPointsImage"},"maxPerStreamSetting":{"isEnabled":false,"maxPerStream":0,"__typename":"CommunityPointsCustomRewardMaxPerStreamSetting"},"maxPerUserPerStreamSetting":{"isEnabled":false,"maxPerUserPerStream":0,"__typename":"CommunityPointsCustomRewardMaxPerUserPerStreamSetting"},"globalCooldownSetting":{"isEnabled":false,"globalCooldownSeconds":0,"__typename":"CommunityPointsCustomRewardGlobalCooldownSetting"},"isEnabled":false,"isInStock":true,"isPaused":true,"isSubOnly":false,"isUserInputRequired":true,"shouldRedemptionsSkipRequestQueue":false,"redemptionsRedeemedCurrentStream":null,"prompt":"Add your username here when redeeming so I can send it to you. Be sure you have joined the group for 15 days before redeeming.","title":"200 Robux on Group (No tax No Pending)","updatedForIndicatorAt":"2024-03-01T05:51:23.625446988Z","__typename":"CommunityPointsCustomReward"},{"id":"e6f31b21-83b4-45bf-a585-4879637e3f5f","backgroundColor":"#AE1392","cooldownExpiresAt":null,"cost":3970,"defaultImage":{"url":"https://static-cdn.jtvnw.net/custom-reward-images/default-1.png","url2x":"https://static-cdn.jtvnw.net/custom-reward-images/default-2.png","url4x":"https://static-cdn.jtvnw.net/custom-reward-images/default-4.png","__typename":"CommunityPointsImage"},"image":{"url":"https://static-cdn.jtvnw.net/custom-reward-images/158988474/e6f31b21-83b4-45bf-a585-4879637e3f5f/61e57543-d449-469d-a9d3-284ca5dfbce4/custom-1.png","url2x":"https://static-cdn.jtvnw.net/custom-reward-images/158988474/e6f31b21-83b4-45bf-a585-4879637e3f5f/61e57543-d449-469d-a9d3-284ca5dfbce4/custom-2.png","url4x":"https://static-cdn.jtvnw.net/custom-reward-images/158988474/e6f31b21-83b4-45bf-a585-4879637e3f5f/61e57543-d449-469d-a9d3-284ca5dfbce4/custom-4.png","__typename":"CommunityPointsImage"},"maxPerStreamSetting":{"isEnabled":false,"maxPerStream":0,"__typename":"CommunityPointsCustomRewardMaxPerStreamSetting"},"maxPerUserPerStreamSetting":{"isEnabled":false,"maxPerUserPerStream":0,"__typename":"CommunityPointsCustomRewardMaxPerUserPerStreamSetting"},"globalCooldownSetting":{"isEnabled":false,"globalCooldownSeconds":0,"__typename":"CommunityPointsCustomRewardGlobalCooldownSetting"},"isEnabled":false,"isInStock":true,"isPaused":true,"isSubOnly":false,"isUserInputRequired":true,"shouldRedemptionsSkipRequestQueue":false,"redemptionsRedeemedCurrentStream":null,"prompt":"Add your username here when redeeming so I can send it to you. Be sure you have joined the group for 15 days before redeeming.","title":"20 Robux on Group (No tax No Pending)","updatedForIndicatorAt":"2024-03-01T05:51:20.684927393Z","__typename":"CommunityPointsCustomReward"},{"id":"f5d6830a-aba9-4d1a-8a88-65f608437a28","backgroundColor":"#D1B3FF","cooldownExpiresAt":null,"cost":98000,"defaultImage":{"url":"https://static-cdn.jtvnw.net/custom-reward-images/default-1.png","url2x":"https://static-cdn.jtvnw.net/custom-reward-images/default-2.png","url4x":"https://static-cdn.jtvnw.net/custom-reward-images/default-4.png","__typename":"CommunityPointsImage"},"image":{"url":"https://static-cdn.jtvnw.net/custom-reward-images/158988474/f5d6830a-aba9-4d1a-8a88-65f608437a28/4839e548-7183-4018-b6ea-201a14818510/custom-1.png","url2x":"https://static-cdn.jtvnw.net/custom-reward-images/158988474/f5d6830a-aba9-4d1a-8a88-65f608437a28/4839e548-7183-4018-b6ea-201a14818510/custom-2.png","url4x":"https://static-cdn.jtvnw.net/custom-reward-images/158988474/f5d6830a-aba9-4d1a-8a88-65f608437a28/4839e548-7183-4018-b6ea-201a14818510/custom-4.png","__typename":"CommunityPointsImage"},"maxPerStreamSetting":{"isEnabled":false,"maxPerStream":0,"__typename":"CommunityPointsCustomRewardMaxPerStreamSetting"},"maxPerUserPerStreamSetting":{"isEnabled":false,"maxPerUserPerStream":0,"__typename":"CommunityPointsCustomRewardMaxPerUserPerStreamSetting"},"globalCooldownSetting":{"isEnabled":false,"globalCooldownSeconds":0,"__typename":"CommunityPointsCustomRewardGlobalCooldownSetting"},"isEnabled":false,"isInStock":true,"isPaused":true,"isSubOnly":false,"isUserInputRequired":true,"shouldRedemptionsSkipRequestQueue":false,"redemptionsRedeemedCurrentStream":null,"prompt":"Add your username here when redeeming so I can send it to you. Be sure you have joined the group for 15 days before redeeming.","title":"500 Robux on Group (No tax No Pending)","updatedForIndicatorAt":"2024-03-01T05:51:25.206551849Z","__typename":"CommunityPointsCustomReward"}],"goals":[],"isEnabled":true,"raidPointAmount":250,"emoteVariants":[],"earning":{"id":"Y29wb0NoYW5uZWxFYXJuaW5nU2V0dGluZ3M6MTU4OTg4NDc0","averagePointsPerHour":220,"cheerPoints":350,"claimPoints":50,"followPoints":300,"passiveWatchPoints":10,"raidPoints":250,"subscriptionGiftPoints":500,"watchStreakPoints":[{"points":300,"__typename":"CommunityPointsWatchStreakEarningSettings"},{"points":350,"__typename":"CommunityPointsWatchStreakEarningSettings"},{"points":400,"__typename":"CommunityPointsWatchStreakEarningSettings"},{"points":450,"__typename":"CommunityPointsWatchStreakEarningSettings"}],"multipliers":[{"reasonCode":"SUB_T1","factor":0.2,"__typename":"CommunityPointsMultiplier"},{"reasonCode":"SUB_T2","factor":0.4,"__typename":"CommunityPointsMultiplier"},{"reasonCode":"SUB_T3","factor":1,"__typename":"CommunityPointsMultiplier"}],"__typename":"CommunityPointsChannelEarningSettings"}}},"__typename":"User","self":{"isModerator":false,"__typename":"UserSelfConnection"}},"currentUser":{"id":"460709233","communityPoints":{"lastViewedContent":[{"contentID":"SINGLE_MESSAGE_BYPASS_SUB_MODE","contentType":"AUTOMATIC_REWARD","lastViewedAt":"2024-03-28T12:21:33.054062621Z","__typename":"CommunityPointsLastViewedContentByTypeAndID"},{"contentID":"SEND_HIGHLIGHTED_MESSAGE","contentType":"AUTOMATIC_REWARD","lastViewedAt":"2024-03-28T12:21:33.054062621Z","__typename":"CommunityPointsLastViewedContentByTypeAndID"},{"contentID":"RANDOM_SUB_EMOTE_UNLOCK","contentType":"AUTOMATIC_REWARD","lastViewedAt":"2024-03-28T12:21:33.054062621Z","__typename":"CommunityPointsLastViewedContentByTypeAndID"},{"contentID":"CHOSEN_SUB_EMOTE_UNLOCK","contentType":"AUTOMATIC_REWARD","lastViewedAt":"2024-03-28T12:21:33.054062621Z","__typename":"CommunityPointsLastViewedContentByTypeAndID"},{"contentID":"CHOSEN_MODIFIED_SUB_EMOTE_UNLOCK","contentType":"AUTOMATIC_REWARD","lastViewedAt":"2024-03-28T12:21:33.054062621Z","__typename":"CommunityPointsLastViewedContentByTypeAndID"}],"__typename":"CommunityPointsUserProperties"},"__typename":"User"}},"extensions":{"durationMilliseconds":74,"operationName":"ChannelPointsContext","requestID":"01HT2G4F7S4FN9N556WW2S0VVK"}}
28/03/24 17:51:08 - DEBUG - urllib3.connectionpool - [_new_conn]: Starting new HTTPS connection (1): www.twitch.tv:443
28/03/24 17:51:09 - DEBUG - urllib3.connectionpool - [_make_request]: https://www.twitch.tv:443 "GET /zintid HTTP/1.1" 200 None
28/03/24 17:51:09 - DEBUG - urllib3.connectionpool - [_new_conn]: Starting new HTTPS connection (1): static.twitchcdn.net:443
28/03/24 17:51:10 - DEBUG - urllib3.connectionpool - [_make_request]: https://static.twitchcdn.net:443 "GET /config/settings.754a01366915e5ca160a03b0694f006a.js HTTP/1.1" 200 42056
28/03/24 17:51:10 - DEBUG - charset_normalizer - [from_bytes]: Encoding detection: ascii is most likely the one.
28/03/24 17:51:10 - DEBUG - urllib3.connectionpool - [_new_conn]: Starting new HTTPS connection (1): www.twitch.tv:443
28/03/24 17:51:11 - DEBUG - urllib3.connectionpool - [_make_request]: https://www.twitch.tv:443 "GET / HTTP/1.1" 200 None
28/03/24 17:51:11 - DEBUG - TwitchChannelPointsMiner.classes.Twitch - [update_client_version]: Client version: 99682f5c-53c2-4182-a649-6b56011c316e
28/03/24 17:51:11 - DEBUG - urllib3.connectionpool - [_new_conn]: Starting new HTTPS connection (1): gql.twitch.tv:443
28/03/24 17:51:12 - DEBUG - urllib3.connectionpool - [_make_request]: https://gql.twitch.tv:443 "POST /gql HTTP/1.1" 200 455
28/03/24 17:51:12 - DEBUG - TwitchChannelPointsMiner.classes.Twitch - [post_gql_request]: Data: {'operationName': 'VideoPlayerStreamInfoOverlayChannel', 'extensions': {'persistedQuery': {'version': 1, 'sha256Hash': 'a5f2e34d626a9f4f5c0204f910bab2194948a9502089be558bb6e779a9e1b3d2'}}, 'variables': {'channel': 'zintid'}}, Status code: 200, Content: {"data":{"user":{"id":"158988474","profileURL":"https://www.twitch.tv/zintid","displayName":"Zintid","login":"zintid","profileImageURL":"https://static-cdn.jtvnw.net/jtv_user_pictures/445087e9-7643-43ed-841a-e46e5eedf59d-profile_image-150x150.png","broadcastSettings":{"id":"158988474","title":"ROBUX GIVEAWAY | !giveaway | !discord | !play FREE ROBUX","game":{"id":"23020","displayName":"ROBLOX","name":"ROBLOX","__typename":"Game"},"__typename":"BroadcastSettings"},"stream":{"id":"41173153303","viewersCount":27,"tags":[],"__typename":"Stream"},"__typename":"User"}},"extensions":{"durationMilliseconds":58,"operationName":"VideoPlayerStreamInfoOverlayChannel","requestID":"01HT2G4JEEQTP8BDB2MY5MX6PE"}}
28/03/24 17:51:12 - DEBUG - TwitchChannelPointsMiner.classes.entities.Stream - [update]: Update: Stream(title=ROBUX GIVEAWAY | !giveaway | !discord | !play FREE ROBUX, game=ROBLOX, tags=None)
28/03/24 17:51:12 - DEBUG - urllib3.connectionpool - [_new_conn]: Starting new HTTPS connection (1): www.twitch.tv:443
28/03/24 17:51:12 - DEBUG - urllib3.connectionpool - [_make_request]: https://www.twitch.tv:443 "GET / HTTP/1.1" 200 None
28/03/24 17:51:13 - DEBUG - TwitchChannelPointsMiner.classes.Twitch - [update_client_version]: Client version: 99682f5c-53c2-4182-a649-6b56011c316e
28/03/24 17:51:13 - DEBUG - urllib3.connectionpool - [_new_conn]: Starting new HTTPS connection (1): gql.twitch.tv:443
28/03/24 17:51:14 - DEBUG - urllib3.connectionpool - [_make_request]: https://gql.twitch.tv:443 "POST /gql HTTP/1.1" 200 206
28/03/24 17:51:14 - DEBUG - TwitchChannelPointsMiner.classes.Twitch - [post_gql_request]: Data: {'operationName': 'DropsHighlightService_AvailableDrops', 'extensions': {'persistedQuery': {'version': 1, 'sha256Hash': '9a62a09bce5b53e26e64a671e530bc599cb6aab1e5ba3cbd5d85966d3940716f'}}, 'variables': {'channelID': '158988474'}}, Status code: 200, Content: {"data":{"channel":{"id":"158988474","viewerDropCampaigns":null,"__typename":"Channel"}},"extensions":{"durationMilliseconds":31,"operationName":"DropsHighlightService_AvailableDrops","requestID":"01HT2G4M6TNN8AXNYKV6W1V235"}}
28/03/24 17:51:14 - INFO - TwitchChannelPointsMiner.classes.Chat - [run]: Join IRC Chat: zintid
28/03/24 17:51:14 - INFO - TwitchChannelPointsMiner.classes.entities.Streamer - [set_online]: Streamer(username=zintid, channel_id=158988474, channel_points=0) is Online!
28/03/24 17:51:14 - DEBUG - urllib3.connectionpool - [_new_conn]: Starting new HTTPS connection (1): www.twitch.tv:443
28/03/24 17:51:14 - DEBUG - urllib3.connectionpool - [_make_request]: https://www.twitch.tv:443 "GET / HTTP/1.1" 200 None
28/03/24 17:51:14 - DEBUG - TwitchChannelPointsMiner.classes.Twitch - [update_client_version]: Client version: 99682f5c-53c2-4182-a649-6b56011c316e
28/03/24 17:51:14 - DEBUG - urllib3.connectionpool - [_new_conn]: Starting new HTTPS connection (1): gql.twitch.tv:443
28/03/24 17:51:15 - DEBUG - urllib3.connectionpool - [_make_request]: https://gql.twitch.tv:443 "POST /gql HTTP/1.1" 200 230
28/03/24 17:51:15 - DEBUG - TwitchChannelPointsMiner.classes.Twitch - [post_gql_request]: Data: {'operationName': 'Inventory', 'variables': {'fetchRewardCampaigns': True}, 'extensions': {'persistedQuery': {'version': 1, 'sha256Hash': '37fea486d6179047c41d0f549088a4c3a7dd60c05c70956a1490262f532dccd9'}}}, Status code: 200, Content: {"data":{"currentUser":{"id":"460709233","inventory":{"dropCampaignsInProgress":null,"gameEventDrops":[],"completedRewardCampaigns":[],"__typename":"Inventory"},"__typename":"User"}},"extensions":{"durationMilliseconds":39,"operationName":"Inventory","requestID":"01HT2G4P2NH4T17CXDZKZWKYRR"}}
28/03/24 17:51:15 - DEBUG - urllib3.connectionpool - [_new_conn]: Starting new HTTPS connection (1): www.twitch.tv:443
28/03/24 17:51:16 - DEBUG - urllib3.connectionpool - [_make_request]: https://www.twitch.tv:443 "GET / HTTP/1.1" 200 None
28/03/24 17:51:16 - DEBUG - TwitchChannelPointsMiner.classes.Twitch - [update_client_version]: Client version: 99682f5c-53c2-4182-a649-6b56011c316e
28/03/24 17:51:16 - DEBUG - urllib3.connectionpool - [_new_conn]: Starting new HTTPS connection (1): gql.twitch.tv:443
